<?xml version="1.0" encoding="UTF-8"?>
<!-- Generated by org.testng.reporters.JUnitXMLReporter -->
<testsuite ignored="0" hostname="PHILIP-HP" failures="0" tests="10" name="Surefire test" time="0.178" errors="0" timestamp="2023-04-05T14:16:51 EEST">
  <testcase classname="org.example.StudentTests" name="InValidGroupTestNatural" time="0.008"/>
  <testcase classname="org.example.StudentTests" name="InValidGroupTestWithinParams" time="0.0"/>
  <testcase classname="org.example.StudentTests" name="InValidGroupTestWithinParams2" time="0.0"/>
  <testcase classname="org.example.StudentTests" name="InValidIdTest" time="0.0"/>
  <testcase classname="org.example.StudentTests" name="InValidNameTest" time="0.001"/>
  <testcase classname="org.example.StudentTests" name="ValidGroupTest" time="0.081"/>
  <testcase classname="org.example.StudentTests" name="ValidIdTest" time="0.003"/>
  <testcase classname="org.example.StudentTests" name="ValidNameTest" time="0.003"/>
  <testcase classname="org.example.TemaTests" name="InvalidTemaDeadline" time="0.005"/>
  <testcase classname="org.example.TemaTests" name="ValidTema" time="0.002"/>
</testsuite> <!-- Surefire test -->
